<?xml version="1.0" encoding="UTF-8"?>
<!-- Generated by org.testng.reporters.JUnitReportReporter -->
<testsuite hostname="Nikhil" failures="0" tests="2" name="qaclickacademy.SeleniumTest" time="0.001" errors="0" timestamp="2020-04-18T08:49:14 ADT" skipped="0">
  <testcase classname="qaclickacademy.SeleniumTest" name="seleniumlogin" time="0.001"/>
  <system-out/>
  <testcase classname="qaclickacademy.SeleniumTest" name="weblogin" time="0.000"/>
  <system-out/>
</testsuite> <!-- qaclickacademy.SeleniumTest -->
