<?xml version="1.0" encoding="UTF-8"?>
<!-- Generated by org.testng.reporters.JUnitReportReporter -->
<testsuite hostname="Nikhil" failures="0" tests="2" name="qaclickacademy.RestassureTest" time="0.000" errors="0" timestamp="2020-04-18T08:49:14 ADT" skipped="0">
  <testcase classname="qaclickacademy.RestassureTest" name="deletetwitter" time="0.000"/>
  <system-out/>
  <testcase classname="qaclickacademy.RestassureTest" name="restassurelogin" time="0.000"/>
  <system-out/>
</testsuite> <!-- qaclickacademy.RestassureTest -->
