<?xml version="1.0" encoding="UTF-8"?>
<!-- Generated by org.testng.reporters.JUnitReportReporter -->
<testsuite hostname="Nikhil" failures="0" tests="2" name="qaclickacademy.AppiumTest" time="0.013" errors="0" timestamp="2020-04-18T08:49:14 ADT" skipped="0">
  <testcase classname="qaclickacademy.AppiumTest" name="apiintegrTion" time="0.013"/>
  <system-out/>
  <testcase classname="qaclickacademy.AppiumTest" name="appiumlogin" time="0.000"/>
  <system-out/>
</testsuite> <!-- qaclickacademy.AppiumTest -->
