<?xml version="1.0" encoding="UTF-8"?>
<!-- Generated by org.testng.reporters.JUnitReportReporter -->
<testsuite hostname="Nikhil" failures="0" tests="1" name="qaclickacademy.AppTest" time="0.000" errors="0" timestamp="2020-04-18T08:49:14 ADT" skipped="0">
  <testcase classname="qaclickacademy.AppTest" name="testApp" time="0.000"/>
  <system-out/>
</testsuite> <!-- qaclickacademy.AppTest -->
