<?xml version="1.0" encoding="UTF-8"?>
<!-- Generated by org.testng.reporters.JUnitReportReporter -->
<testsuite skipped="0" hostname="Nikhil" name="qaclickacademy.AppiumTest" tests="2" failures="0" timestamp="2020-04-19T21:08:58 ADT" time="0.006" errors="0">
  <testcase name="appiumlogin" time="0.000" classname="qaclickacademy.AppiumTest"/>
  <system-out/>
  <testcase name="apiintegrTion" time="0.006" classname="qaclickacademy.AppiumTest"/>
  <system-out/>
</testsuite> <!-- qaclickacademy.AppiumTest -->
